<?xml version="1.0" encoding="UTF-8"?>
<!-- Generated by org.testng.reporters.JUnitReportReporter -->
<testsuite hostname="DESKTOP-LCHM82S" failures="0" tests="6" name="api.test.DDTests" time="19.561" errors="0" timestamp="2023-03-25T15:26:35 IST" skipped="0">
  <testcase classname="api.test.DDTests" name="testPostUser" time="2.855"/>
  <system-out/>
  <testcase classname="api.test.DDTests" name="testPostUser" time="2.494"/>
  <system-out/>
  <testcase classname="api.test.DDTests" name="testPostUser" time="5.780"/>
  <system-out/>
  <testcase classname="api.test.DDTests" name="testDeleteUserByName" time="2.092"/>
  <system-out/>
  <testcase classname="api.test.DDTests" name="testDeleteUserByName" time="4.404"/>
  <system-out/>
  <testcase classname="api.test.DDTests" name="testDeleteUserByName" time="1.936"/>
  <system-out/>
</testsuite> <!-- api.test.DDTests -->
