<?xml version="1.0" encoding="UTF-8"?>
<!-- Generated by org.testng.reporters.JUnitReportReporter -->
<testsuite hostname="DESKTOP-LCHM82S" failures="0" tests="4" name="api.test.UserTests2" time="13.778" errors="0" timestamp="2023-03-28T00:00:27 IST" skipped="0">
  <testcase classname="api.test.UserTests2" name="testPostUser" time="5.488"/>
  <system-out/>
  <testcase classname="api.test.UserTests2" name="testGetUserByName" time="1.645"/>
  <system-out/>
  <testcase classname="api.test.UserTests2" name="testUpdateUserByName" time="4.905"/>
  <system-out/>
  <testcase classname="api.test.UserTests2" name="testDeleteUserByName" time="1.740"/>
  <system-out/>
</testsuite> <!-- api.test.UserTests2 -->
