<?xml version="1.0" encoding="UTF-8"?>
<!-- Generated by org.testng.reporters.JUnitReportReporter -->
<testsuite hostname="DESKTOP-LCHM82S" failures="0" tests="4" name="api.test.UserTests" time="12.222" errors="0" timestamp="2023-03-28T23:13:15 IST" skipped="0">
  <testcase classname="api.test.UserTests" name="testPostUser" time="4.613"/>
  <system-out/>
  <testcase classname="api.test.UserTests" name="testGetUserByName" time="2.020"/>
  <system-out/>
  <testcase classname="api.test.UserTests" name="testUpdateUserByName" time="3.716"/>
  <system-out/>
  <testcase classname="api.test.UserTests" name="testDeleteUserByName" time="1.873"/>
  <system-out/>
</testsuite> <!-- api.test.UserTests -->
