<?xml version="1.0" encoding="UTF-8"?>
<!-- Generated by org.testng.reporters.JUnitReportReporter -->
<testsuite hostname="DESKTOP-LCHM82S" failures="0" tests="4" name="api.test.UserTests" time="10.979" errors="0" timestamp="2023-03-29T01:23:42 IST" skipped="0">
  <testcase classname="api.test.UserTests" name="testPostUser" time="4.015"/>
  <system-out/>
  <testcase classname="api.test.UserTests" name="testGetUserByName" time="1.949"/>
  <system-out/>
  <testcase classname="api.test.UserTests" name="testUpdateUserByName" time="3.450"/>
  <system-out/>
  <testcase classname="api.test.UserTests" name="testDeleteUserByName" time="1.565"/>
  <system-out/>
</testsuite> <!-- api.test.UserTests -->
